\BOOKMARK [1][-]{section*.1}{Abstract}{}% 1
\BOOKMARK [1][-]{section*.2}{A Machine Learning Approach to Equity Bubble Detection and Market Crash Prediction}{}% 2
\BOOKMARK [1][-]{section*.3}{Introduction}{}% 3
\BOOKMARK [1][-]{section*.4}{Background}{}% 4
\BOOKMARK [1][-]{section*.5}{Data}{}% 5
\BOOKMARK [2][-]{section*.6}{Input variable}{section*.5}% 6
\BOOKMARK [2][-]{section*.15}{Output variable}{section*.5}% 7
\BOOKMARK [1][-]{section*.18}{Model}{}% 8
\BOOKMARK [2][-]{section*.19}{Model selection}{section*.18}% 9
\BOOKMARK [3][-]{section*.20}{Logistic regression}{section*.19}% 10
\BOOKMARK [3][-]{section*.21}{Random Forests}{section*.19}% 11
\BOOKMARK [3][-]{section*.22}{Recurrent Neural Networks}{section*.19}% 12
\BOOKMARK [2][-]{section*.23}{The challenge of imbalanced data}{section*.18}% 13
\BOOKMARK [3][-]{section*.24}{Changing the decision thresholds}{section*.23}% 14
\BOOKMARK [3][-]{section*.25}{Re-sampling for re-weighting}{section*.23}% 15
\BOOKMARK [3][-]{section*.26}{Asymmetric loss function}{section*.23}% 16
\BOOKMARK [3][-]{section*.27}{Model evaluation}{section*.23}% 17
\BOOKMARK [1][-]{section*.28}{Results}{}% 18
\BOOKMARK [2][-]{section*.29}{Prediction}{section*.28}% 19
\BOOKMARK [2][-]{section*.33}{Inference}{section*.28}% 20
\BOOKMARK [1][-]{section*.36}{Discussion}{}% 21
\BOOKMARK [2][-]{section*.37}{Model diagnosis}{section*.36}% 22
\BOOKMARK [2][-]{section*.39}{Robustness analysis}{section*.36}% 23
\BOOKMARK [2][-]{section*.41}{Limitations}{section*.36}% 24
\BOOKMARK [1][-]{section*.43}{Conclusion}{}% 25
